<?xml version="1.0" encoding="UTF-8"?>
<TestRun id="0fe3cb44-9bdb-4d2e-816b-645469602c31" name="acer@ACER-PC 2012-04-18 22:02:28" runUser="acer-PC\acer" xmlns="http://microsoft.com/schemas/VisualStudio/TeamTest/2010">
  <TestSettings name="本地" id="65a7167f-bf30-46ce-955d-23f88e2d418d">
    <Description>这些设置为本地测试运行的默认测试设置。</Description>
    <Deployment enabled="false" runDeploymentRoot="acer_ACER-PC 2012-04-18 22_02_28">
      <DeploymentItem filename="E:\学习\C++实验\实验5\Bowling\Bowling\bin\Debug\Bowling.exe" />
    </Deployment>
    <Execution>
      <TestTypeSpecific />
      <AgentRule name="Execution Agents">
      </AgentRule>
    </Execution>
  </TestSettings>
  <Times creation="2012-04-18T22:02:28.5857994+08:00" queuing="2012-04-18T22:02:31.1359453+08:00" start="2012-04-18T22:02:31.4379626+08:00" finish="2012-04-18T22:02:33.7080924+08:00" />
  <ResultSummary outcome="Completed">
    <Counters total="1" executed="1" passed="1" error="0" failed="0" timeout="0" aborted="0" inconclusive="0" passedButRunAborted="0" notRunnable="0" notExecuted="0" disconnected="0" warning="0" completed="0" inProgress="0" pending="0" />
  </ResultSummary>
  <TestDefinitions>
    <UnitTest name="FirstThrow" storage="e:\学习\c++实验\实验5\bowling\bowlingtest\bin\debug\bowlingtest.dll" id="5680f330-5fa0-86d8-8f0d-60938c342ec7">
      <Execution id="d1eb0131-9db7-4767-ae11-75a2c928712b" />
      <TestMethod codeBase="E:/学习/C++实验/实验5/Bowling/BowlingTest/bin/Debug/BowlingTest.DLL" adapterTypeName="Microsoft.VisualStudio.TestTools.TestTypes.Unit.UnitTestAdapter, Microsoft.VisualStudio.QualityTools.Tips.UnitTest.Adapter, Version=10.0.0.0, Culture=neutral, PublicKeyToken=b03f5f7f11d50a3a" className="BowlingTest.ProgramTest, BowlingTest, Version=1.0.0.0, Culture=neutral, PublicKeyToken=null" name="FirstThrow" />
    </UnitTest>
  </TestDefinitions>
  <TestLists>
    <TestList name="列表中未列出的结果" id="8c84fa94-04c1-424b-9868-57a2d4851a1d" />
    <TestList name="所有已加载的结果" id="19431567-8539-422a-85d7-44ee4e166bda" />
  </TestLists>
  <TestEntries>
    <TestEntry testId="5680f330-5fa0-86d8-8f0d-60938c342ec7" executionId="d1eb0131-9db7-4767-ae11-75a2c928712b" testListId="8c84fa94-04c1-424b-9868-57a2d4851a1d" />
  </TestEntries>
  <Results>
    <UnitTestResult executionId="d1eb0131-9db7-4767-ae11-75a2c928712b" testId="5680f330-5fa0-86d8-8f0d-60938c342ec7" testName="FirstThrow" computerName="ACER-PC" duration="00:00:00.0616587" startTime="2012-04-18T22:02:31.6149727+08:00" endTime="2012-04-18T22:02:33.5380827+08:00" testType="13cdc9d9-ddb5-4fa4-a97d-d965ccfc6d4b" outcome="Passed" testListId="8c84fa94-04c1-424b-9868-57a2d4851a1d" relativeResultsDirectory="d1eb0131-9db7-4767-ae11-75a2c928712b">
    </UnitTestResult>
  </Results>
</TestRun>