<?xml version="1.0" encoding="UTF-8"?>
<TestRun id="2d7b7d13-f0ec-4012-83ce-2393ae9c8ed1" name="acer@ACER-PC 2012-04-18 21:50:35" runUser="acer-PC\acer" xmlns="http://microsoft.com/schemas/VisualStudio/TeamTest/2010">
  <TestSettings name="本地" id="65a7167f-bf30-46ce-955d-23f88e2d418d">
    <Description>这些设置为本地测试运行的默认测试设置。</Description>
    <Deployment enabled="false" runDeploymentRoot="acer_ACER-PC 2012-04-18 21_50_35">
      <DeploymentItem filename="E:\学习\C++实验\实验5\Bowling\Bowling\bin\Debug\Bowling.exe" />
    </Deployment>
    <Execution>
      <TestTypeSpecific />
      <AgentRule name="Execution Agents">
      </AgentRule>
    </Execution>
  </TestSettings>
  <Times creation="2012-04-18T21:50:35.9860410+08:00" queuing="2012-04-18T21:50:38.5911900+08:00" start="2012-04-18T21:50:38.8362041+08:00" finish="2012-04-18T21:50:40.6923102+08:00" />
  <ResultSummary outcome="Failed">
    <Counters total="1" executed="1" error="0" failed="1" timeout="0" aborted="0" inconclusive="0" passedButRunAborted="0" notRunnable="0" notExecuted="0" disconnected="0" warning="0" passed="0" completed="0" inProgress="0" pending="0" />
  </ResultSummary>
  <TestDefinitions>
    <UnitTest name="FristThrow" storage="e:\学习\c++实验\实验5\bowling\bowlingtest\bin\debug\bowlingtest.dll" id="85418a75-ca30-943d-c80e-8e0844dcc406">
      <Execution id="09d549a3-59d2-4b72-8dcf-f1e302330274" />
      <TestMethod codeBase="E:/学习/C++实验/实验5/Bowling/BowlingTest/bin/Debug/BowlingTest.DLL" adapterTypeName="Microsoft.VisualStudio.TestTools.TestTypes.Unit.UnitTestAdapter, Microsoft.VisualStudio.QualityTools.Tips.UnitTest.Adapter, Version=10.0.0.0, Culture=neutral, PublicKeyToken=b03f5f7f11d50a3a" className="BowlingTest.ProgramTest, BowlingTest, Version=1.0.0.0, Culture=neutral, PublicKeyToken=null" name="FristThrow" />
    </UnitTest>
  </TestDefinitions>
  <TestLists>
    <TestList name="列表中未列出的结果" id="8c84fa94-04c1-424b-9868-57a2d4851a1d" />
    <TestList name="所有已加载的结果" id="19431567-8539-422a-85d7-44ee4e166bda" />
  </TestLists>
  <TestEntries>
    <TestEntry testId="85418a75-ca30-943d-c80e-8e0844dcc406" executionId="09d549a3-59d2-4b72-8dcf-f1e302330274" testListId="8c84fa94-04c1-424b-9868-57a2d4851a1d" />
  </TestEntries>
  <Results>
    <UnitTestResult executionId="09d549a3-59d2-4b72-8dcf-f1e302330274" testId="85418a75-ca30-943d-c80e-8e0844dcc406" testName="FristThrow" computerName="ACER-PC" duration="00:00:00.1893509" startTime="2012-04-18T21:50:39.0082139+08:00" endTime="2012-04-18T21:50:40.6073054+08:00" testType="13cdc9d9-ddb5-4fa4-a97d-d965ccfc6d4b" outcome="Failed" testListId="8c84fa94-04c1-424b-9868-57a2d4851a1d" relativeResultsDirectory="09d549a3-59d2-4b72-8dcf-f1e302330274">
      <Output>
        <ErrorInfo>
          <Message>测试方法 BowlingTest.ProgramTest.FristThrow 引发了异常: 
System.NotImplementedException: 未实现该方法或操作。</Message>
          <StackTrace>    在 Bowling.Game.Throw(Int32 p) 位置 E:\学习\C++实验\实验5\Bowling\Bowling\Program.cs:行号 19
   在 BowlingTest.ProgramTest.FristThrow() 位置 E:\学习\C++实验\实验5\Bowling\BowlingTest\ProgramTest.cs:行号 20
</StackTrace>
        </ErrorInfo>
      </Output>
    </UnitTestResult>
  </Results>
</TestRun>