<?xml version="1.0" encoding="UTF-8"?>
<TestRun id="7a2cc7aa-a7eb-4aa9-81dd-33c3f1d92fdb" name="acer@ACER-PC 2012-04-19 16:13:33" runUser="acer-PC\acer" xmlns="http://microsoft.com/schemas/VisualStudio/TeamTest/2010">
  <TestSettings name="本地" id="65a7167f-bf30-46ce-955d-23f88e2d418d">
    <Description>这些设置为本地测试运行的默认测试设置。</Description>
    <Deployment enabled="false" runDeploymentRoot="acer_ACER-PC 2012-04-19 16_13_33">
      <DeploymentItem filename="E:\学习\C++实验\实验5\Bowling\Bowling\bin\Debug\Bowling.exe" />
    </Deployment>
    <Execution>
      <TestTypeSpecific />
      <AgentRule name="Execution Agents">
      </AgentRule>
    </Execution>
  </TestSettings>
  <Times creation="2012-04-19T16:13:33.6905615+08:00" queuing="2012-04-19T16:13:34.7346212+08:00" start="2012-04-19T16:13:34.8176259+08:00" finish="2012-04-19T16:13:35.7966819+08:00" />
  <ResultSummary outcome="Failed">
    <Counters total="1" executed="1" error="0" failed="1" timeout="0" aborted="0" inconclusive="0" passedButRunAborted="0" notRunnable="0" notExecuted="0" disconnected="0" warning="0" passed="0" completed="0" inProgress="0" pending="0" />
  </ResultSummary>
  <TestDefinitions>
    <UnitTest name="FirstThrow" storage="e:\学习\c++实验\实验5\bowling\bowlingtest\bin\debug\bowlingtest.dll" id="5680f330-5fa0-86d8-8f0d-60938c342ec7">
      <Execution id="49702bed-ae52-41d1-a2eb-63eeb24b5b5c" />
      <TestMethod codeBase="E:/学习/C++实验/实验5/Bowling/BowlingTest/bin/Debug/BowlingTest.DLL" adapterTypeName="Microsoft.VisualStudio.TestTools.TestTypes.Unit.UnitTestAdapter, Microsoft.VisualStudio.QualityTools.Tips.UnitTest.Adapter, Version=10.0.0.0, Culture=neutral, PublicKeyToken=b03f5f7f11d50a3a" className="BowlingTest.ProgramTest, BowlingTest, Version=1.0.0.0, Culture=neutral, PublicKeyToken=null" name="FirstThrow" />
    </UnitTest>
  </TestDefinitions>
  <TestLists>
    <TestList name="列表中未列出的结果" id="8c84fa94-04c1-424b-9868-57a2d4851a1d" />
    <TestList name="所有已加载的结果" id="19431567-8539-422a-85d7-44ee4e166bda" />
  </TestLists>
  <TestEntries>
    <TestEntry testId="5680f330-5fa0-86d8-8f0d-60938c342ec7" executionId="49702bed-ae52-41d1-a2eb-63eeb24b5b5c" testListId="8c84fa94-04c1-424b-9868-57a2d4851a1d" />
  </TestEntries>
  <Results>
    <UnitTestResult executionId="49702bed-ae52-41d1-a2eb-63eeb24b5b5c" testId="5680f330-5fa0-86d8-8f0d-60938c342ec7" testName="FirstThrow" computerName="ACER-PC" duration="00:00:00.0815561" startTime="2012-04-19T16:13:34.8746292+08:00" endTime="2012-04-19T16:13:35.7066768+08:00" testType="13cdc9d9-ddb5-4fa4-a97d-d965ccfc6d4b" outcome="Failed" testListId="8c84fa94-04c1-424b-9868-57a2d4851a1d" relativeResultsDirectory="49702bed-ae52-41d1-a2eb-63eeb24b5b5c">
      <Output>
        <ErrorInfo>
          <Message>测试方法 BowlingTest.ProgramTest.FirstThrow 引发了异常: 
System.NullReferenceException: 未将对象引用设置到对象的实例。</Message>
          <StackTrace>    在 BowlingTest.ProgramTest.FirstThrow() 位置 E:\学习\C++实验\实验5\Bowling\BowlingTest\ProgramTest.cs:行号 31
</StackTrace>
        </ErrorInfo>
      </Output>
    </UnitTestResult>
  </Results>
</TestRun>