<?xml version="1.0" encoding="UTF-8"?>
<TestRun id="35991f7f-e627-4303-82c8-c7a19c347840" name="acer@ACER-PC 2012-04-19 18:45:08" runUser="acer-PC\acer" xmlns="http://microsoft.com/schemas/VisualStudio/TeamTest/2010">
  <TestSettings name="本地" id="65a7167f-bf30-46ce-955d-23f88e2d418d">
    <Description>这些设置为本地测试运行的默认测试设置。</Description>
    <Deployment enabled="false" runDeploymentRoot="acer_ACER-PC 2012-04-19 18_45_08">
      <DeploymentItem filename="E:\学习\C++实验\实验5\Bowling\Bowling\bin\Debug\Bowling.exe" />
    </Deployment>
    <Execution>
      <TestTypeSpecific />
      <AgentRule name="Execution Agents">
      </AgentRule>
    </Execution>
  </TestSettings>
  <Times creation="2012-04-19T18:45:08.5427573+08:00" queuing="2012-04-19T18:45:11.2139100+08:00" start="2012-04-19T18:45:11.3499178+08:00" finish="2012-04-19T18:45:12.6059897+08:00" />
  <ResultSummary outcome="Completed">
    <Counters total="5" executed="5" passed="5" error="0" failed="0" timeout="0" aborted="0" inconclusive="0" passedButRunAborted="0" notRunnable="0" notExecuted="0" disconnected="0" warning="0" completed="0" inProgress="0" pending="0" />
  </ResultSummary>
  <TestDefinitions>
    <UnitTest name="TestThrowOneStrike" storage="e:\学习\c++实验\实验5\bowling\bowlingtest\bin\debug\bowlingtest.dll" id="fa726839-821c-7e33-da82-d2ee615c271d">
      <Execution id="f050698b-ecc7-4314-b793-9c19699d6a30" />
      <TestMethod codeBase="E:/学习/C++实验/实验5/Bowling/BowlingTest/bin/Debug/BowlingTest.DLL" adapterTypeName="Microsoft.VisualStudio.TestTools.TestTypes.Unit.UnitTestAdapter, Microsoft.VisualStudio.QualityTools.Tips.UnitTest.Adapter, Version=10.0.0.0, Culture=neutral, PublicKeyToken=b03f5f7f11d50a3a" className="BowlingTest.ProgramTest, BowlingTest, Version=1.0.0.0, Culture=neutral, PublicKeyToken=null" name="TestThrowOneStrike" />
    </UnitTest>
    <UnitTest name="FirstThrow" storage="e:\学习\c++实验\实验5\bowling\bowlingtest\bin\debug\bowlingtest.dll" id="5680f330-5fa0-86d8-8f0d-60938c342ec7">
      <Execution id="2afef611-bda2-4b46-9478-2d0d8335d769" />
      <TestMethod codeBase="E:/学习/C++实验/实验5/Bowling/BowlingTest/bin/Debug/BowlingTest.DLL" adapterTypeName="Microsoft.VisualStudio.TestTools.TestTypes.Unit.UnitTestAdapter, Microsoft.VisualStudio.QualityTools.Tips.UnitTest.Adapter, Version=10.0.0.0, Culture=neutral, PublicKeyToken=b03f5f7f11d50a3a" className="BowlingTest.ProgramTest, BowlingTest, Version=1.0.0.0, Culture=neutral, PublicKeyToken=null" name="FirstThrow" />
    </UnitTest>
    <UnitTest name="TestThrowallone" storage="e:\学习\c++实验\实验5\bowling\bowlingtest\bin\debug\bowlingtest.dll" id="fab8e37f-65f7-25c6-3bb8-0039be8dcb71">
      <Execution id="5bf833d7-7c6d-49b9-9f31-4e7681b16a7b" />
      <TestMethod codeBase="E:/学习/C++实验/实验5/Bowling/BowlingTest/bin/Debug/BowlingTest.DLL" adapterTypeName="Microsoft.VisualStudio.TestTools.TestTypes.Unit.UnitTestAdapter, Microsoft.VisualStudio.QualityTools.Tips.UnitTest.Adapter, Version=10.0.0.0, Culture=neutral, PublicKeyToken=b03f5f7f11d50a3a" className="BowlingTest.ProgramTest, BowlingTest, Version=1.0.0.0, Culture=neutral, PublicKeyToken=null" name="TestThrowallone" />
    </UnitTest>
    <UnitTest name="TestThrowallzore" storage="e:\学习\c++实验\实验5\bowling\bowlingtest\bin\debug\bowlingtest.dll" id="4f6e1e1f-a721-8ead-2571-50fbc696d94a">
      <Execution id="cd6e70dd-9030-4ff3-9608-ec59162b53ea" />
      <TestMethod codeBase="E:/学习/C++实验/实验5/Bowling/BowlingTest/bin/Debug/BowlingTest.DLL" adapterTypeName="Microsoft.VisualStudio.TestTools.TestTypes.Unit.UnitTestAdapter, Microsoft.VisualStudio.QualityTools.Tips.UnitTest.Adapter, Version=10.0.0.0, Culture=neutral, PublicKeyToken=b03f5f7f11d50a3a" className="BowlingTest.ProgramTest, BowlingTest, Version=1.0.0.0, Culture=neutral, PublicKeyToken=null" name="TestThrowallzore" />
    </UnitTest>
    <UnitTest name="TestThrowOneSpare" storage="e:\学习\c++实验\实验5\bowling\bowlingtest\bin\debug\bowlingtest.dll" id="091c8369-396c-6204-014d-7334c283dae1">
      <Execution id="04a254ad-3ffd-4621-9c50-3007df437b16" />
      <TestMethod codeBase="E:/学习/C++实验/实验5/Bowling/BowlingTest/bin/Debug/BowlingTest.DLL" adapterTypeName="Microsoft.VisualStudio.TestTools.TestTypes.Unit.UnitTestAdapter, Microsoft.VisualStudio.QualityTools.Tips.UnitTest.Adapter, Version=10.0.0.0, Culture=neutral, PublicKeyToken=b03f5f7f11d50a3a" className="BowlingTest.ProgramTest, BowlingTest, Version=1.0.0.0, Culture=neutral, PublicKeyToken=null" name="TestThrowOneSpare" />
    </UnitTest>
  </TestDefinitions>
  <TestLists>
    <TestList name="列表中未列出的结果" id="8c84fa94-04c1-424b-9868-57a2d4851a1d" />
    <TestList name="所有已加载的结果" id="19431567-8539-422a-85d7-44ee4e166bda" />
  </TestLists>
  <TestEntries>
    <TestEntry testId="5680f330-5fa0-86d8-8f0d-60938c342ec7" executionId="2afef611-bda2-4b46-9478-2d0d8335d769" testListId="8c84fa94-04c1-424b-9868-57a2d4851a1d" />
    <TestEntry testId="4f6e1e1f-a721-8ead-2571-50fbc696d94a" executionId="cd6e70dd-9030-4ff3-9608-ec59162b53ea" testListId="8c84fa94-04c1-424b-9868-57a2d4851a1d" />
    <TestEntry testId="fab8e37f-65f7-25c6-3bb8-0039be8dcb71" executionId="5bf833d7-7c6d-49b9-9f31-4e7681b16a7b" testListId="8c84fa94-04c1-424b-9868-57a2d4851a1d" />
    <TestEntry testId="091c8369-396c-6204-014d-7334c283dae1" executionId="04a254ad-3ffd-4621-9c50-3007df437b16" testListId="8c84fa94-04c1-424b-9868-57a2d4851a1d" />
    <TestEntry testId="fa726839-821c-7e33-da82-d2ee615c271d" executionId="f050698b-ecc7-4314-b793-9c19699d6a30" testListId="8c84fa94-04c1-424b-9868-57a2d4851a1d" />
  </TestEntries>
  <Results>
    <UnitTestResult executionId="2afef611-bda2-4b46-9478-2d0d8335d769" testId="5680f330-5fa0-86d8-8f0d-60938c342ec7" testName="FirstThrow" computerName="ACER-PC" duration="00:00:00.0199072" startTime="2012-04-19T18:45:11.3969205+08:00" endTime="2012-04-19T18:45:12.3619757+08:00" testType="13cdc9d9-ddb5-4fa4-a97d-d965ccfc6d4b" outcome="Passed" testListId="8c84fa94-04c1-424b-9868-57a2d4851a1d" relativeResultsDirectory="2afef611-bda2-4b46-9478-2d0d8335d769">
    </UnitTestResult>
    <UnitTestResult executionId="cd6e70dd-9030-4ff3-9608-ec59162b53ea" testId="4f6e1e1f-a721-8ead-2571-50fbc696d94a" testName="TestThrowallzore" computerName="ACER-PC" duration="00:00:00.0011105" startTime="2012-04-19T18:45:12.3709762+08:00" endTime="2012-04-19T18:45:12.3819768+08:00" testType="13cdc9d9-ddb5-4fa4-a97d-d965ccfc6d4b" outcome="Passed" testListId="8c84fa94-04c1-424b-9868-57a2d4851a1d" relativeResultsDirectory="cd6e70dd-9030-4ff3-9608-ec59162b53ea">
    </UnitTestResult>
    <UnitTestResult executionId="5bf833d7-7c6d-49b9-9f31-4e7681b16a7b" testId="fab8e37f-65f7-25c6-3bb8-0039be8dcb71" testName="TestThrowallone" computerName="ACER-PC" duration="00:00:00.0187027" startTime="2012-04-19T18:45:12.3869771+08:00" endTime="2012-04-19T18:45:12.4829826+08:00" testType="13cdc9d9-ddb5-4fa4-a97d-d965ccfc6d4b" outcome="Passed" testListId="8c84fa94-04c1-424b-9868-57a2d4851a1d" relativeResultsDirectory="5bf833d7-7c6d-49b9-9f31-4e7681b16a7b">
    </UnitTestResult>
    <UnitTestResult executionId="04a254ad-3ffd-4621-9c50-3007df437b16" testId="091c8369-396c-6204-014d-7334c283dae1" testName="TestThrowOneSpare" computerName="ACER-PC" duration="00:00:00.0006528" startTime="2012-04-19T18:45:12.4969834+08:00" endTime="2012-04-19T18:45:12.5119843+08:00" testType="13cdc9d9-ddb5-4fa4-a97d-d965ccfc6d4b" outcome="Passed" testListId="8c84fa94-04c1-424b-9868-57a2d4851a1d" relativeResultsDirectory="04a254ad-3ffd-4621-9c50-3007df437b16">
    </UnitTestResult>
    <UnitTestResult executionId="f050698b-ecc7-4314-b793-9c19699d6a30" testId="fa726839-821c-7e33-da82-d2ee615c271d" testName="TestThrowOneStrike" computerName="ACER-PC" duration="00:00:00.0005681" startTime="2012-04-19T18:45:12.5229849+08:00" endTime="2012-04-19T18:45:12.5399859+08:00" testType="13cdc9d9-ddb5-4fa4-a97d-d965ccfc6d4b" outcome="Passed" testListId="8c84fa94-04c1-424b-9868-57a2d4851a1d" relativeResultsDirectory="f050698b-ecc7-4314-b793-9c19699d6a30">
    </UnitTestResult>
  </Results>
</TestRun>