<?xml version="1.0" encoding="UTF-8"?>
<TestRun id="1afcbefb-08dd-4c8f-85c1-c52b07cec3e0" name="acer@ACER-PC 2012-04-19 18:21:25" runUser="acer-PC\acer" xmlns="http://microsoft.com/schemas/VisualStudio/TeamTest/2010">
  <TestSettings name="本地" id="65a7167f-bf30-46ce-955d-23f88e2d418d">
    <Description>这些设置为本地测试运行的默认测试设置。</Description>
    <Deployment enabled="false" runDeploymentRoot="acer_ACER-PC 2012-04-19 18_21_25">
      <DeploymentItem filename="E:\学习\C++实验\实验5\Bowling\Bowling\bin\Debug\Bowling.exe" />
    </Deployment>
    <Execution>
      <TestTypeSpecific />
      <AgentRule name="Execution Agents">
      </AgentRule>
    </Execution>
  </TestSettings>
  <Times creation="2012-04-19T18:21:25.7303770+08:00" queuing="2012-04-19T18:21:27.8694994+08:00" start="2012-04-19T18:21:27.9545043+08:00" finish="2012-04-19T18:21:28.9445609+08:00" />
  <ResultSummary outcome="Completed">
    <Counters total="5" executed="5" passed="5" error="0" failed="0" timeout="0" aborted="0" inconclusive="0" passedButRunAborted="0" notRunnable="0" notExecuted="0" disconnected="0" warning="0" completed="0" inProgress="0" pending="0" />
  </ResultSummary>
  <TestDefinitions>
    <UnitTest name="TestThrowOneStrike" storage="e:\学习\c++实验\实验5\bowling\bowlingtest\bin\debug\bowlingtest.dll" id="fa726839-821c-7e33-da82-d2ee615c271d">
      <Execution id="2283317b-7a09-4b6d-b92b-c9b04e42aecc" />
      <TestMethod codeBase="E:/学习/C++实验/实验5/Bowling/BowlingTest/bin/Debug/BowlingTest.DLL" adapterTypeName="Microsoft.VisualStudio.TestTools.TestTypes.Unit.UnitTestAdapter, Microsoft.VisualStudio.QualityTools.Tips.UnitTest.Adapter, Version=10.0.0.0, Culture=neutral, PublicKeyToken=b03f5f7f11d50a3a" className="BowlingTest.ProgramTest, BowlingTest, Version=1.0.0.0, Culture=neutral, PublicKeyToken=null" name="TestThrowOneStrike" />
    </UnitTest>
    <UnitTest name="FirstThrow" storage="e:\学习\c++实验\实验5\bowling\bowlingtest\bin\debug\bowlingtest.dll" id="5680f330-5fa0-86d8-8f0d-60938c342ec7">
      <Execution id="9355f565-61d6-4424-bcbc-8f6cfd64d05b" />
      <TestMethod codeBase="E:/学习/C++实验/实验5/Bowling/BowlingTest/bin/Debug/BowlingTest.DLL" adapterTypeName="Microsoft.VisualStudio.TestTools.TestTypes.Unit.UnitTestAdapter, Microsoft.VisualStudio.QualityTools.Tips.UnitTest.Adapter, Version=10.0.0.0, Culture=neutral, PublicKeyToken=b03f5f7f11d50a3a" className="BowlingTest.ProgramTest, BowlingTest, Version=1.0.0.0, Culture=neutral, PublicKeyToken=null" name="FirstThrow" />
    </UnitTest>
    <UnitTest name="TestThrowallone" storage="e:\学习\c++实验\实验5\bowling\bowlingtest\bin\debug\bowlingtest.dll" id="fab8e37f-65f7-25c6-3bb8-0039be8dcb71">
      <Execution id="b2b50236-f555-4489-b857-b49ccddd66cc" />
      <TestMethod codeBase="E:/学习/C++实验/实验5/Bowling/BowlingTest/bin/Debug/BowlingTest.DLL" adapterTypeName="Microsoft.VisualStudio.TestTools.TestTypes.Unit.UnitTestAdapter, Microsoft.VisualStudio.QualityTools.Tips.UnitTest.Adapter, Version=10.0.0.0, Culture=neutral, PublicKeyToken=b03f5f7f11d50a3a" className="BowlingTest.ProgramTest, BowlingTest, Version=1.0.0.0, Culture=neutral, PublicKeyToken=null" name="TestThrowallone" />
    </UnitTest>
    <UnitTest name="TestThrowallzore" storage="e:\学习\c++实验\实验5\bowling\bowlingtest\bin\debug\bowlingtest.dll" id="4f6e1e1f-a721-8ead-2571-50fbc696d94a">
      <Execution id="e4102d12-a11d-4f95-9bfb-a7bd0fef808e" />
      <TestMethod codeBase="E:/学习/C++实验/实验5/Bowling/BowlingTest/bin/Debug/BowlingTest.DLL" adapterTypeName="Microsoft.VisualStudio.TestTools.TestTypes.Unit.UnitTestAdapter, Microsoft.VisualStudio.QualityTools.Tips.UnitTest.Adapter, Version=10.0.0.0, Culture=neutral, PublicKeyToken=b03f5f7f11d50a3a" className="BowlingTest.ProgramTest, BowlingTest, Version=1.0.0.0, Culture=neutral, PublicKeyToken=null" name="TestThrowallzore" />
    </UnitTest>
    <UnitTest name="TestThrowOneSpare" storage="e:\学习\c++实验\实验5\bowling\bowlingtest\bin\debug\bowlingtest.dll" id="091c8369-396c-6204-014d-7334c283dae1">
      <Execution id="79cd2958-58c4-4da6-8925-8394d138f09d" />
      <TestMethod codeBase="E:/学习/C++实验/实验5/Bowling/BowlingTest/bin/Debug/BowlingTest.DLL" adapterTypeName="Microsoft.VisualStudio.TestTools.TestTypes.Unit.UnitTestAdapter, Microsoft.VisualStudio.QualityTools.Tips.UnitTest.Adapter, Version=10.0.0.0, Culture=neutral, PublicKeyToken=b03f5f7f11d50a3a" className="BowlingTest.ProgramTest, BowlingTest, Version=1.0.0.0, Culture=neutral, PublicKeyToken=null" name="TestThrowOneSpare" />
    </UnitTest>
  </TestDefinitions>
  <TestLists>
    <TestList name="列表中未列出的结果" id="8c84fa94-04c1-424b-9868-57a2d4851a1d" />
    <TestList name="所有已加载的结果" id="19431567-8539-422a-85d7-44ee4e166bda" />
  </TestLists>
  <TestEntries>
    <TestEntry testId="5680f330-5fa0-86d8-8f0d-60938c342ec7" executionId="9355f565-61d6-4424-bcbc-8f6cfd64d05b" testListId="8c84fa94-04c1-424b-9868-57a2d4851a1d" />
    <TestEntry testId="4f6e1e1f-a721-8ead-2571-50fbc696d94a" executionId="e4102d12-a11d-4f95-9bfb-a7bd0fef808e" testListId="8c84fa94-04c1-424b-9868-57a2d4851a1d" />
    <TestEntry testId="fab8e37f-65f7-25c6-3bb8-0039be8dcb71" executionId="b2b50236-f555-4489-b857-b49ccddd66cc" testListId="8c84fa94-04c1-424b-9868-57a2d4851a1d" />
    <TestEntry testId="091c8369-396c-6204-014d-7334c283dae1" executionId="79cd2958-58c4-4da6-8925-8394d138f09d" testListId="8c84fa94-04c1-424b-9868-57a2d4851a1d" />
    <TestEntry testId="fa726839-821c-7e33-da82-d2ee615c271d" executionId="2283317b-7a09-4b6d-b92b-c9b04e42aecc" testListId="8c84fa94-04c1-424b-9868-57a2d4851a1d" />
  </TestEntries>
  <Results>
    <UnitTestResult executionId="9355f565-61d6-4424-bcbc-8f6cfd64d05b" testId="5680f330-5fa0-86d8-8f0d-60938c342ec7" testName="FirstThrow" computerName="ACER-PC" duration="00:00:00.0202675" startTime="2012-04-19T18:21:27.9925064+08:00" endTime="2012-04-19T18:21:28.7895520+08:00" testType="13cdc9d9-ddb5-4fa4-a97d-d965ccfc6d4b" outcome="Passed" testListId="8c84fa94-04c1-424b-9868-57a2d4851a1d" relativeResultsDirectory="9355f565-61d6-4424-bcbc-8f6cfd64d05b">
    </UnitTestResult>
    <UnitTestResult executionId="e4102d12-a11d-4f95-9bfb-a7bd0fef808e" testId="4f6e1e1f-a721-8ead-2571-50fbc696d94a" testName="TestThrowallzore" computerName="ACER-PC" duration="00:00:00.0008503" startTime="2012-04-19T18:21:28.8075530+08:00" endTime="2012-04-19T18:21:28.8215538+08:00" testType="13cdc9d9-ddb5-4fa4-a97d-d965ccfc6d4b" outcome="Passed" testListId="8c84fa94-04c1-424b-9868-57a2d4851a1d" relativeResultsDirectory="e4102d12-a11d-4f95-9bfb-a7bd0fef808e">
    </UnitTestResult>
    <UnitTestResult executionId="b2b50236-f555-4489-b857-b49ccddd66cc" testId="fab8e37f-65f7-25c6-3bb8-0039be8dcb71" testName="TestThrowallone" computerName="ACER-PC" duration="00:00:00.0003649" startTime="2012-04-19T18:21:28.8285542+08:00" endTime="2012-04-19T18:21:28.8385548+08:00" testType="13cdc9d9-ddb5-4fa4-a97d-d965ccfc6d4b" outcome="Passed" testListId="8c84fa94-04c1-424b-9868-57a2d4851a1d" relativeResultsDirectory="b2b50236-f555-4489-b857-b49ccddd66cc">
    </UnitTestResult>
    <UnitTestResult executionId="79cd2958-58c4-4da6-8925-8394d138f09d" testId="091c8369-396c-6204-014d-7334c283dae1" testName="TestThrowOneSpare" computerName="ACER-PC" duration="00:00:00.0003487" startTime="2012-04-19T18:21:28.8435551+08:00" endTime="2012-04-19T18:21:28.8535557+08:00" testType="13cdc9d9-ddb5-4fa4-a97d-d965ccfc6d4b" outcome="Passed" testListId="8c84fa94-04c1-424b-9868-57a2d4851a1d" relativeResultsDirectory="79cd2958-58c4-4da6-8925-8394d138f09d">
    </UnitTestResult>
    <UnitTestResult executionId="2283317b-7a09-4b6d-b92b-c9b04e42aecc" testId="fa726839-821c-7e33-da82-d2ee615c271d" testName="TestThrowOneStrike" computerName="ACER-PC" duration="00:00:00.0002760" startTime="2012-04-19T18:21:28.8585560+08:00" endTime="2012-04-19T18:21:28.8685565+08:00" testType="13cdc9d9-ddb5-4fa4-a97d-d965ccfc6d4b" outcome="Passed" testListId="8c84fa94-04c1-424b-9868-57a2d4851a1d" relativeResultsDirectory="2283317b-7a09-4b6d-b92b-c9b04e42aecc">
    </UnitTestResult>
  </Results>
</TestRun>