<?xml version="1.0" encoding="UTF-8"?>
<TestRun id="96580181-0f52-4d0f-bb78-c4be6f708d6b" name="acer@ACER-PC 2012-04-19 17:47:04" runUser="acer-PC\acer" xmlns="http://microsoft.com/schemas/VisualStudio/TeamTest/2010">
  <TestSettings name="本地" id="65a7167f-bf30-46ce-955d-23f88e2d418d">
    <Description>这些设置为本地测试运行的默认测试设置。</Description>
    <Deployment enabled="false" runDeploymentRoot="acer_ACER-PC 2012-04-19 17_47_04">
      <DeploymentItem filename="E:\学习\C++实验\实验5\Bowling\Bowling\bin\Debug\Bowling.exe" />
    </Deployment>
    <Execution>
      <TestTypeSpecific />
      <AgentRule name="Execution Agents">
      </AgentRule>
    </Execution>
  </TestSettings>
  <Times creation="2012-04-19T17:47:04.7504957+08:00" queuing="2012-04-19T17:47:06.6886066+08:00" start="2012-04-19T17:47:06.7686112+08:00" finish="2012-04-19T17:47:07.8596736+08:00" />
  <ResultSummary outcome="Failed">
    <Counters total="4" executed="4" passed="3" error="0" failed="1" timeout="0" aborted="0" inconclusive="0" passedButRunAborted="0" notRunnable="0" notExecuted="0" disconnected="0" warning="0" completed="0" inProgress="0" pending="0" />
  </ResultSummary>
  <TestDefinitions>
    <UnitTest name="FirstThrow" storage="e:\学习\c++实验\实验5\bowling\bowlingtest\bin\debug\bowlingtest.dll" id="5680f330-5fa0-86d8-8f0d-60938c342ec7">
      <Execution id="ba11efa4-0a14-4cb2-acbc-5293836df067" />
      <TestMethod codeBase="E:/学习/C++实验/实验5/Bowling/BowlingTest/bin/Debug/BowlingTest.DLL" adapterTypeName="Microsoft.VisualStudio.TestTools.TestTypes.Unit.UnitTestAdapter, Microsoft.VisualStudio.QualityTools.Tips.UnitTest.Adapter, Version=10.0.0.0, Culture=neutral, PublicKeyToken=b03f5f7f11d50a3a" className="BowlingTest.ProgramTest, BowlingTest, Version=1.0.0.0, Culture=neutral, PublicKeyToken=null" name="FirstThrow" />
    </UnitTest>
    <UnitTest name="TestThrowallone" storage="e:\学习\c++实验\实验5\bowling\bowlingtest\bin\debug\bowlingtest.dll" id="fab8e37f-65f7-25c6-3bb8-0039be8dcb71">
      <Execution id="c5a5da48-0420-4f69-96ad-b9f7a24018a7" />
      <TestMethod codeBase="E:/学习/C++实验/实验5/Bowling/BowlingTest/bin/Debug/BowlingTest.DLL" adapterTypeName="Microsoft.VisualStudio.TestTools.TestTypes.Unit.UnitTestAdapter, Microsoft.VisualStudio.QualityTools.Tips.UnitTest.Adapter, Version=10.0.0.0, Culture=neutral, PublicKeyToken=b03f5f7f11d50a3a" className="BowlingTest.ProgramTest, BowlingTest, Version=1.0.0.0, Culture=neutral, PublicKeyToken=null" name="TestThrowallone" />
    </UnitTest>
    <UnitTest name="TestThrowallzore" storage="e:\学习\c++实验\实验5\bowling\bowlingtest\bin\debug\bowlingtest.dll" id="4f6e1e1f-a721-8ead-2571-50fbc696d94a">
      <Execution id="e4e460b0-5fea-492f-8e01-6443cd3c0e66" />
      <TestMethod codeBase="E:/学习/C++实验/实验5/Bowling/BowlingTest/bin/Debug/BowlingTest.DLL" adapterTypeName="Microsoft.VisualStudio.TestTools.TestTypes.Unit.UnitTestAdapter, Microsoft.VisualStudio.QualityTools.Tips.UnitTest.Adapter, Version=10.0.0.0, Culture=neutral, PublicKeyToken=b03f5f7f11d50a3a" className="BowlingTest.ProgramTest, BowlingTest, Version=1.0.0.0, Culture=neutral, PublicKeyToken=null" name="TestThrowallzore" />
    </UnitTest>
    <UnitTest name="TestThrowOneSpare" storage="e:\学习\c++实验\实验5\bowling\bowlingtest\bin\debug\bowlingtest.dll" id="091c8369-396c-6204-014d-7334c283dae1">
      <Execution id="b1c6f18c-8aa3-49ec-9184-759b7497111c" />
      <TestMethod codeBase="E:/学习/C++实验/实验5/Bowling/BowlingTest/bin/Debug/BowlingTest.DLL" adapterTypeName="Microsoft.VisualStudio.TestTools.TestTypes.Unit.UnitTestAdapter, Microsoft.VisualStudio.QualityTools.Tips.UnitTest.Adapter, Version=10.0.0.0, Culture=neutral, PublicKeyToken=b03f5f7f11d50a3a" className="BowlingTest.ProgramTest, BowlingTest, Version=1.0.0.0, Culture=neutral, PublicKeyToken=null" name="TestThrowOneSpare" />
    </UnitTest>
  </TestDefinitions>
  <TestLists>
    <TestList name="列表中未列出的结果" id="8c84fa94-04c1-424b-9868-57a2d4851a1d" />
    <TestList name="所有已加载的结果" id="19431567-8539-422a-85d7-44ee4e166bda" />
  </TestLists>
  <TestEntries>
    <TestEntry testId="5680f330-5fa0-86d8-8f0d-60938c342ec7" executionId="ba11efa4-0a14-4cb2-acbc-5293836df067" testListId="8c84fa94-04c1-424b-9868-57a2d4851a1d" />
    <TestEntry testId="4f6e1e1f-a721-8ead-2571-50fbc696d94a" executionId="e4e460b0-5fea-492f-8e01-6443cd3c0e66" testListId="8c84fa94-04c1-424b-9868-57a2d4851a1d" />
    <TestEntry testId="fab8e37f-65f7-25c6-3bb8-0039be8dcb71" executionId="c5a5da48-0420-4f69-96ad-b9f7a24018a7" testListId="8c84fa94-04c1-424b-9868-57a2d4851a1d" />
    <TestEntry testId="091c8369-396c-6204-014d-7334c283dae1" executionId="b1c6f18c-8aa3-49ec-9184-759b7497111c" testListId="8c84fa94-04c1-424b-9868-57a2d4851a1d" />
  </TestEntries>
  <Results>
    <UnitTestResult executionId="ba11efa4-0a14-4cb2-acbc-5293836df067" testId="5680f330-5fa0-86d8-8f0d-60938c342ec7" testName="FirstThrow" computerName="ACER-PC" duration="00:00:00.0219717" startTime="2012-04-19T17:47:06.8096135+08:00" endTime="2012-04-19T17:47:07.6286604+08:00" testType="13cdc9d9-ddb5-4fa4-a97d-d965ccfc6d4b" outcome="Passed" testListId="8c84fa94-04c1-424b-9868-57a2d4851a1d" relativeResultsDirectory="ba11efa4-0a14-4cb2-acbc-5293836df067">
    </UnitTestResult>
    <UnitTestResult executionId="e4e460b0-5fea-492f-8e01-6443cd3c0e66" testId="4f6e1e1f-a721-8ead-2571-50fbc696d94a" testName="TestThrowallzore" computerName="ACER-PC" duration="00:00:00.0005878" startTime="2012-04-19T17:47:07.6366608+08:00" endTime="2012-04-19T17:47:07.6466614+08:00" testType="13cdc9d9-ddb5-4fa4-a97d-d965ccfc6d4b" outcome="Passed" testListId="8c84fa94-04c1-424b-9868-57a2d4851a1d" relativeResultsDirectory="e4e460b0-5fea-492f-8e01-6443cd3c0e66">
    </UnitTestResult>
    <UnitTestResult executionId="c5a5da48-0420-4f69-96ad-b9f7a24018a7" testId="fab8e37f-65f7-25c6-3bb8-0039be8dcb71" testName="TestThrowallone" computerName="ACER-PC" duration="00:00:00.0002536" startTime="2012-04-19T17:47:07.6516617+08:00" endTime="2012-04-19T17:47:07.6596621+08:00" testType="13cdc9d9-ddb5-4fa4-a97d-d965ccfc6d4b" outcome="Passed" testListId="8c84fa94-04c1-424b-9868-57a2d4851a1d" relativeResultsDirectory="c5a5da48-0420-4f69-96ad-b9f7a24018a7">
    </UnitTestResult>
    <UnitTestResult executionId="b1c6f18c-8aa3-49ec-9184-759b7497111c" testId="091c8369-396c-6204-014d-7334c283dae1" testName="TestThrowOneSpare" computerName="ACER-PC" duration="00:00:00.1029289" startTime="2012-04-19T17:47:07.6666625+08:00" endTime="2012-04-19T17:47:07.7796690+08:00" testType="13cdc9d9-ddb5-4fa4-a97d-d965ccfc6d4b" outcome="Failed" testListId="8c84fa94-04c1-424b-9868-57a2d4851a1d" relativeResultsDirectory="b1c6f18c-8aa3-49ec-9184-759b7497111c">
      <Output>
        <ErrorInfo>
          <Message>测试方法 BowlingTest.ProgramTest.TestThrowOneSpare 引发了异常: 
System.IndexOutOfRangeException: 索引超出了数组界限。</Message>
          <StackTrace>    在 Bowling.Game.roll(Int32 pins) 位置 E:\学习\C++实验\实验5\Bowling\Bowling\Program.cs:行号 57
   在 BowlingTest.ProgramTest.TestThrowmany(Int32 n, Int32 pins) 位置 E:\学习\C++实验\实验5\Bowling\BowlingTest\ProgramTest.cs:行号 57
   在 BowlingTest.ProgramTest.TestThrowOneSpare() 位置 E:\学习\C++实验\实验5\Bowling\BowlingTest\ProgramTest.cs:行号 46
</StackTrace>
        </ErrorInfo>
      </Output>
    </UnitTestResult>
  </Results>
</TestRun>