<?xml version="1.0" encoding="UTF-8"?>
<TestRun id="20d9d213-4a49-4e7c-8de6-d686d82e6a69" name="acer@ACER-PC 2012-04-19 18:56:28" runUser="acer-PC\acer" xmlns="http://microsoft.com/schemas/VisualStudio/TeamTest/2010">
  <TestSettings name="本地" id="65a7167f-bf30-46ce-955d-23f88e2d418d">
    <Description>这些设置为本地测试运行的默认测试设置。</Description>
    <Deployment enabled="false" runDeploymentRoot="acer_ACER-PC 2012-04-19 18_56_28">
      <DeploymentItem filename="E:\学习\C++实验\实验5\Bowling\Bowling\bin\Debug\Bowling.exe" />
    </Deployment>
    <Execution>
      <TestTypeSpecific />
      <AgentRule name="Execution Agents">
      </AgentRule>
    </Execution>
  </TestSettings>
  <Times creation="2012-04-19T18:56:28.9886765+08:00" queuing="2012-04-19T18:56:31.2528060+08:00" start="2012-04-19T18:56:31.3328106+08:00" finish="2012-04-19T18:56:32.4758760+08:00" />
  <ResultSummary outcome="Completed">
    <Counters total="6" executed="6" passed="6" error="0" failed="0" timeout="0" aborted="0" inconclusive="0" passedButRunAborted="0" notRunnable="0" notExecuted="0" disconnected="0" warning="0" completed="0" inProgress="0" pending="0" />
  </ResultSummary>
  <TestDefinitions>
    <UnitTest name="TestThrowallone" storage="e:\学习\c++实验\实验5\bowling\bowlingtest\bin\debug\bowlingtest.dll" id="fab8e37f-65f7-25c6-3bb8-0039be8dcb71">
      <Execution id="7e32be32-c233-46dd-bca6-2bd56a68c008" />
      <TestMethod codeBase="E:/学习/C++实验/实验5/Bowling/BowlingTest/bin/Debug/BowlingTest.DLL" adapterTypeName="Microsoft.VisualStudio.TestTools.TestTypes.Unit.UnitTestAdapter, Microsoft.VisualStudio.QualityTools.Tips.UnitTest.Adapter, Version=10.0.0.0, Culture=neutral, PublicKeyToken=b03f5f7f11d50a3a" className="BowlingTest.ProgramTest, BowlingTest, Version=1.0.0.0, Culture=neutral, PublicKeyToken=null" name="TestThrowallone" />
    </UnitTest>
    <UnitTest name="FirstThrow" storage="e:\学习\c++实验\实验5\bowling\bowlingtest\bin\debug\bowlingtest.dll" id="5680f330-5fa0-86d8-8f0d-60938c342ec7">
      <Execution id="d852cab5-b732-4133-9b5b-4ecd2b0b8071" />
      <TestMethod codeBase="E:/学习/C++实验/实验5/Bowling/BowlingTest/bin/Debug/BowlingTest.DLL" adapterTypeName="Microsoft.VisualStudio.TestTools.TestTypes.Unit.UnitTestAdapter, Microsoft.VisualStudio.QualityTools.Tips.UnitTest.Adapter, Version=10.0.0.0, Culture=neutral, PublicKeyToken=b03f5f7f11d50a3a" className="BowlingTest.ProgramTest, BowlingTest, Version=1.0.0.0, Culture=neutral, PublicKeyToken=null" name="FirstThrow" />
    </UnitTest>
    <UnitTest name="TestThrowOneStrike" storage="e:\学习\c++实验\实验5\bowling\bowlingtest\bin\debug\bowlingtest.dll" id="fa726839-821c-7e33-da82-d2ee615c271d">
      <Execution id="c3dc6b76-cb79-401e-a6d0-4e1f7d0f3c91" />
      <TestMethod codeBase="E:/学习/C++实验/实验5/Bowling/BowlingTest/bin/Debug/BowlingTest.DLL" adapterTypeName="Microsoft.VisualStudio.TestTools.TestTypes.Unit.UnitTestAdapter, Microsoft.VisualStudio.QualityTools.Tips.UnitTest.Adapter, Version=10.0.0.0, Culture=neutral, PublicKeyToken=b03f5f7f11d50a3a" className="BowlingTest.ProgramTest, BowlingTest, Version=1.0.0.0, Culture=neutral, PublicKeyToken=null" name="TestThrowOneStrike" />
    </UnitTest>
    <UnitTest name="TestThrowallzore" storage="e:\学习\c++实验\实验5\bowling\bowlingtest\bin\debug\bowlingtest.dll" id="4f6e1e1f-a721-8ead-2571-50fbc696d94a">
      <Execution id="fd16688b-9ff6-4028-8494-701aabde4ea9" />
      <TestMethod codeBase="E:/学习/C++实验/实验5/Bowling/BowlingTest/bin/Debug/BowlingTest.DLL" adapterTypeName="Microsoft.VisualStudio.TestTools.TestTypes.Unit.UnitTestAdapter, Microsoft.VisualStudio.QualityTools.Tips.UnitTest.Adapter, Version=10.0.0.0, Culture=neutral, PublicKeyToken=b03f5f7f11d50a3a" className="BowlingTest.ProgramTest, BowlingTest, Version=1.0.0.0, Culture=neutral, PublicKeyToken=null" name="TestThrowallzore" />
    </UnitTest>
    <UnitTest name="TestThrowallStrike" storage="e:\学习\c++实验\实验5\bowling\bowlingtest\bin\debug\bowlingtest.dll" id="d7fec7e0-f944-7e14-31dd-f43f1345b47b">
      <Execution id="b38355a5-e2af-4e6a-ad46-165cb30f2dde" />
      <TestMethod codeBase="E:/学习/C++实验/实验5/Bowling/BowlingTest/bin/Debug/BowlingTest.DLL" adapterTypeName="Microsoft.VisualStudio.TestTools.TestTypes.Unit.UnitTestAdapter, Microsoft.VisualStudio.QualityTools.Tips.UnitTest.Adapter, Version=10.0.0.0, Culture=neutral, PublicKeyToken=b03f5f7f11d50a3a" className="BowlingTest.ProgramTest, BowlingTest, Version=1.0.0.0, Culture=neutral, PublicKeyToken=null" name="TestThrowallStrike" />
    </UnitTest>
    <UnitTest name="TestThrowOneSpare" storage="e:\学习\c++实验\实验5\bowling\bowlingtest\bin\debug\bowlingtest.dll" id="091c8369-396c-6204-014d-7334c283dae1">
      <Execution id="cb3c348e-dab6-43ef-b9d4-2e2f6b02754b" />
      <TestMethod codeBase="E:/学习/C++实验/实验5/Bowling/BowlingTest/bin/Debug/BowlingTest.DLL" adapterTypeName="Microsoft.VisualStudio.TestTools.TestTypes.Unit.UnitTestAdapter, Microsoft.VisualStudio.QualityTools.Tips.UnitTest.Adapter, Version=10.0.0.0, Culture=neutral, PublicKeyToken=b03f5f7f11d50a3a" className="BowlingTest.ProgramTest, BowlingTest, Version=1.0.0.0, Culture=neutral, PublicKeyToken=null" name="TestThrowOneSpare" />
    </UnitTest>
  </TestDefinitions>
  <TestLists>
    <TestList name="列表中未列出的结果" id="8c84fa94-04c1-424b-9868-57a2d4851a1d" />
    <TestList name="所有已加载的结果" id="19431567-8539-422a-85d7-44ee4e166bda" />
  </TestLists>
  <TestEntries>
    <TestEntry testId="5680f330-5fa0-86d8-8f0d-60938c342ec7" executionId="d852cab5-b732-4133-9b5b-4ecd2b0b8071" testListId="8c84fa94-04c1-424b-9868-57a2d4851a1d" />
    <TestEntry testId="4f6e1e1f-a721-8ead-2571-50fbc696d94a" executionId="fd16688b-9ff6-4028-8494-701aabde4ea9" testListId="8c84fa94-04c1-424b-9868-57a2d4851a1d" />
    <TestEntry testId="fab8e37f-65f7-25c6-3bb8-0039be8dcb71" executionId="7e32be32-c233-46dd-bca6-2bd56a68c008" testListId="8c84fa94-04c1-424b-9868-57a2d4851a1d" />
    <TestEntry testId="091c8369-396c-6204-014d-7334c283dae1" executionId="cb3c348e-dab6-43ef-b9d4-2e2f6b02754b" testListId="8c84fa94-04c1-424b-9868-57a2d4851a1d" />
    <TestEntry testId="fa726839-821c-7e33-da82-d2ee615c271d" executionId="c3dc6b76-cb79-401e-a6d0-4e1f7d0f3c91" testListId="8c84fa94-04c1-424b-9868-57a2d4851a1d" />
    <TestEntry testId="d7fec7e0-f944-7e14-31dd-f43f1345b47b" executionId="b38355a5-e2af-4e6a-ad46-165cb30f2dde" testListId="8c84fa94-04c1-424b-9868-57a2d4851a1d" />
  </TestEntries>
  <Results>
    <UnitTestResult executionId="d852cab5-b732-4133-9b5b-4ecd2b0b8071" testId="5680f330-5fa0-86d8-8f0d-60938c342ec7" testName="FirstThrow" computerName="ACER-PC" duration="00:00:00.0186904" startTime="2012-04-19T18:56:31.3718128+08:00" endTime="2012-04-19T18:56:32.3078664+08:00" testType="13cdc9d9-ddb5-4fa4-a97d-d965ccfc6d4b" outcome="Passed" testListId="8c84fa94-04c1-424b-9868-57a2d4851a1d" relativeResultsDirectory="d852cab5-b732-4133-9b5b-4ecd2b0b8071">
    </UnitTestResult>
    <UnitTestResult executionId="fd16688b-9ff6-4028-8494-701aabde4ea9" testId="4f6e1e1f-a721-8ead-2571-50fbc696d94a" testName="TestThrowallzore" computerName="ACER-PC" duration="00:00:00.0010028" startTime="2012-04-19T18:56:32.3168669+08:00" endTime="2012-04-19T18:56:32.3288676+08:00" testType="13cdc9d9-ddb5-4fa4-a97d-d965ccfc6d4b" outcome="Passed" testListId="8c84fa94-04c1-424b-9868-57a2d4851a1d" relativeResultsDirectory="fd16688b-9ff6-4028-8494-701aabde4ea9">
    </UnitTestResult>
    <UnitTestResult executionId="7e32be32-c233-46dd-bca6-2bd56a68c008" testId="fab8e37f-65f7-25c6-3bb8-0039be8dcb71" testName="TestThrowallone" computerName="ACER-PC" duration="00:00:00.0003537" startTime="2012-04-19T18:56:32.3338679+08:00" endTime="2012-04-19T18:56:32.3568692+08:00" testType="13cdc9d9-ddb5-4fa4-a97d-d965ccfc6d4b" outcome="Passed" testListId="8c84fa94-04c1-424b-9868-57a2d4851a1d" relativeResultsDirectory="7e32be32-c233-46dd-bca6-2bd56a68c008">
    </UnitTestResult>
    <UnitTestResult executionId="cb3c348e-dab6-43ef-b9d4-2e2f6b02754b" testId="091c8369-396c-6204-014d-7334c283dae1" testName="TestThrowOneSpare" computerName="ACER-PC" duration="00:00:00.0004446" startTime="2012-04-19T18:56:32.3628695+08:00" endTime="2012-04-19T18:56:32.3728701+08:00" testType="13cdc9d9-ddb5-4fa4-a97d-d965ccfc6d4b" outcome="Passed" testListId="8c84fa94-04c1-424b-9868-57a2d4851a1d" relativeResultsDirectory="cb3c348e-dab6-43ef-b9d4-2e2f6b02754b">
    </UnitTestResult>
    <UnitTestResult executionId="c3dc6b76-cb79-401e-a6d0-4e1f7d0f3c91" testId="fa726839-821c-7e33-da82-d2ee615c271d" testName="TestThrowOneStrike" computerName="ACER-PC" duration="00:00:00.0006167" startTime="2012-04-19T18:56:32.3808706+08:00" endTime="2012-04-19T18:56:32.3908711+08:00" testType="13cdc9d9-ddb5-4fa4-a97d-d965ccfc6d4b" outcome="Passed" testListId="8c84fa94-04c1-424b-9868-57a2d4851a1d" relativeResultsDirectory="c3dc6b76-cb79-401e-a6d0-4e1f7d0f3c91">
    </UnitTestResult>
    <UnitTestResult executionId="b38355a5-e2af-4e6a-ad46-165cb30f2dde" testId="d7fec7e0-f944-7e14-31dd-f43f1345b47b" testName="TestThrowallStrike" computerName="ACER-PC" duration="00:00:00.0002860" startTime="2012-04-19T18:56:32.3988716+08:00" endTime="2012-04-19T18:56:32.4078721+08:00" testType="13cdc9d9-ddb5-4fa4-a97d-d965ccfc6d4b" outcome="Passed" testListId="8c84fa94-04c1-424b-9868-57a2d4851a1d" relativeResultsDirectory="b38355a5-e2af-4e6a-ad46-165cb30f2dde">
    </UnitTestResult>
  </Results>
</TestRun>